<?xml version="1.0" encoding="UTF-8"?>
<!-- Generated by org.testng.reporters.JUnitReportReporter -->
<testsuite skipped="0" hostname="anurags-MacBook-Air.local" name="com.facebook.test.Facebook_Test" tests="1" failures="0" timestamp="28 Jul 2017 00:53:17 GMT" time="46.987" errors="0">
  <testcase name="TestFacebookFriends" time="46.987" classname="com.facebook.test.Facebook_Test"/>
</testsuite> <!-- com.facebook.test.Facebook_Test -->
